# JRE version: OpenJDK Runtime Environment (11.0.11+9) (build 11.0.11+9-b60-7590822)
# Java VM: OpenJDK 64-Bit Server VM (11.0.11+9-b60-7590822, mixed mode, tiered, compressed oops, g1 gc, windows-amd64)
Heap:
 garbage-first heap   total 374784K, used 303375K [0x0000000700000000, 0x0000000800000000)
  region size 1024K, 108 young (110592K), 7 survivors (7168K)
 Metaspace       used 120512K, capacity 124646K, committed 129820K, reserved 1161216K
  class space    used 15225K, capacity 16709K, committed 17612K, reserved 1048576K
GC Heap History (20 events):
Event: 7651.715 GC heap before
{Heap before GC invocations=28 (full 0):
 garbage-first heap   total 374784K, used 313662K [0x0000000700000000, 0x0000000800000000)
  region size 1024K, 119 young (121856K), 16 survivors (16384K)
 Metaspace       used 123306K, capacity 127226K, committed 128412K, reserved 1161216K
  class space    used 15600K, capacity 17019K, committed 17484K, reserved 1048576K
}
Event: 7651.730 GC heap after
{Heap after GC invocations=29 (full 0):
 garbage-first heap   total 374784K, used 220593K [0x0000000700000000, 0x0000000800000000)
  region size 1024K, 12 young (12288K), 12 survivors (12288K)
 Metaspace       used 123306K, capacity 127226K, committed 128412K, reserved 1161216K
  class space    used 15600K, capacity 17019K, committed 17484K, reserved 1048576K
}
Event: 7651.799 GC heap before
{Heap before GC invocations=29 (full 0):
 garbage-first heap   total 374784K, used 226737K [0x0000000700000000, 0x0000000800000000)
  region size 1024K, 18 young (18432K), 12 survivors (12288K)
 Metaspace       used 124017K, capacity 127885K, committed 129180K, reserved 1161216K
  class space    used 15659K, capacity 17066K, committed 17484K, reserved 1048576K
}
Event: 7651.810 GC heap after
{Heap after GC invocations=30 (full 0):
 garbage-first heap   total 374784K, used 216423K [0x0000000700000000, 0x0000000800000000)
  region size 1024K, 2 young (2048K), 2 survivors (2048K)
 Metaspace       used 124017K, capacity 127885K, committed 129180K, reserved 1161216K
  class space    used 15659K, capacity 17066K, committed 17484K, reserved 1048576K
}
Event: 7654.677 GC heap before
{Heap before GC invocations=30 (full 0):
 garbage-first heap   total 374784K, used 312679K [0x0000000700000000, 0x0000000800000000)
  region size 1024K, 96 young (98304K), 2 survivors (2048K)
 Metaspace       used 124791K, capacity 128853K, committed 129820K, reserved 1161216K
  class space    used 15725K, capacity 17163K, committed 17612K, reserved 1048576K
}
Event: 7654.685 GC heap after
{Heap after GC invocations=31 (full 0):
 garbage-first heap   total 374784K, used 225065K [0x0000000700000000, 0x0000000800000000)
  region size 1024K, 11 young (11264K), 11 survivors (11264K)
 Metaspace       used 124791K, capacity 128853K, committed 129820K, reserved 1161216K
  class space    used 15725K, capacity 17163K, committed 17612K, reserved 1048576K
}
Event: 7655.459 GC heap before
{Heap before GC invocations=32 (full 0):
 garbage-first heap   total 374784K, used 310057K [0x0000000700000000, 0x0000000800000000)
  region size 1024K, 97 young (99328K), 11 survivors (11264K)
 Metaspace       used 118968K, capacity 122652K, committed 129820K, reserved 1161216K
  class space    used 15034K, capacity 16371K, committed 17612K, reserved 1048576K
}
Event: 7655.468 GC heap after
{Heap after GC invocations=33 (full 0):
 garbage-first heap   total 374784K, used 229978K [0x0000000700000000, 0x0000000800000000)
  region size 1024K, 9 young (9216K), 9 survivors (9216K)
 Metaspace       used 118968K, capacity 122652K, committed 129820K, reserved 1161216K
  class space    used 15034K, capacity 16371K, committed 17612K, reserved 1048576K
}
Event: 7655.539 GC heap before
{Heap before GC invocations=33 (full 0):
 garbage-first heap   total 374784K, used 239194K [0x0000000700000000, 0x0000000800000000)
  region size 1024K, 18 young (18432K), 9 survivors (9216K)
 Metaspace       used 119392K, capacity 123303K, committed 129820K, reserved 1161216K
  class space    used 15108K, capacity 16507K, committed 17612K, reserved 1048576K
}
Event: 7655.547 GC heap after
{Heap after GC invocations=34 (full 0):
 garbage-first heap   total 374784K, used 196307K [0x0000000700000000, 0x0000000800000000)
  region size 1024K, 2 young (2048K), 2 survivors (2048K)
 Metaspace       used 119392K, capacity 123303K, committed 129820K, reserved 1161216K
  class space    used 15108K, capacity 16507K, committed 17612K, reserved 1048576K
}
Event: 7655.662 GC heap before
{Heap before GC invocations=34 (full 0):
 garbage-first heap   total 374784K, used 212691K [0x0000000700000000, 0x0000000800000000)
  region size 1024K, 18 young (18432K), 2 survivors (2048K)
 Metaspace       used 119444K, capacity 123340K, committed 129820K, reserved 1161216K
  class space    used 15111K, capacity 16514K, committed 17612K, reserved 1048576K
}
Event: 7655.681 GC heap after
{Heap after GC invocations=35 (full 0):
 garbage-first heap   total 374784K, used 178628K [0x0000000700000000, 0x0000000800000000)
  region size 1024K, 3 young (3072K), 3 survivors (3072K)
 Metaspace       used 119444K, capacity 123340K, committed 129820K, reserved 1161216K
  class space    used 15111K, capacity 16514K, committed 17612K, reserved 1048576K
}
Event: 7656.336 GC heap before
{Heap before GC invocations=35 (full 0):
 garbage-first heap   total 374784K, used 298436K [0x0000000700000000, 0x0000000800000000)
  region size 1024K, 120 young (122880K), 3 survivors (3072K)
 Metaspace       used 119524K, capacity 123416K, committed 129820K, reserved 1161216K
  class space    used 15113K, capacity 16516K, committed 17612K, reserved 1048576K
}
Event: 7656.344 GC heap after
{Heap after GC invocations=36 (full 0):
 garbage-first heap   total 374784K, used 186111K [0x0000000700000000, 0x0000000800000000)
  region size 1024K, 10 young (10240K), 10 survivors (10240K)
 Metaspace       used 119524K, capacity 123416K, committed 129820K, reserved 1161216K
  class space    used 15113K, capacity 16516K, committed 17612K, reserved 1048576K
}
Event: 7657.177 GC heap before
{Heap before GC invocations=37 (full 0):
 garbage-first heap   total 374784K, used 303871K [0x0000000700000000, 0x0000000800000000)
  region size 1024K, 125 young (128000K), 10 survivors (10240K)
 Metaspace       used 119636K, capacity 123502K, committed 129820K, reserved 1161216K
  class space    used 15115K, capacity 16520K, committed 17612K, reserved 1048576K
}
Event: 7657.187 GC heap after
{Heap after GC invocations=38 (full 0):
 garbage-first heap   total 374784K, used 195088K [0x0000000700000000, 0x0000000800000000)
  region size 1024K, 16 young (16384K), 16 survivors (16384K)
 Metaspace       used 119636K, capacity 123502K, committed 129820K, reserved 1161216K
  class space    used 15115K, capacity 16520K, committed 17612K, reserved 1048576K
}
Event: 7657.198 GC heap before
{Heap before GC invocations=38 (full 0):
 garbage-first heap   total 374784K, used 197136K [0x0000000700000000, 0x0000000800000000)
  region size 1024K, 18 young (18432K), 16 survivors (16384K)
 Metaspace       used 119641K, capacity 123503K, committed 129820K, reserved 1161216K
  class space    used 15115K, capacity 16520K, committed 17612K, reserved 1048576K
}
Event: 7657.205 GC heap after
{Heap after GC invocations=39 (full 0):
 garbage-first heap   total 374784K, used 196133K [0x0000000700000000, 0x0000000800000000)
  region size 1024K, 3 young (3072K), 3 survivors (3072K)
 Metaspace       used 119641K, capacity 123503K, committed 129820K, reserved 1161216K
  class space    used 15115K, capacity 16520K, committed 17612K, reserved 1048576K
}
Event: 8315.877 GC heap before
{Heap before GC invocations=39 (full 0):
 garbage-first heap   total 374784K, used 307749K [0x0000000700000000, 0x0000000800000000)
  region size 1024K, 111 young (113664K), 3 survivors (3072K)
 Metaspace       used 120374K, capacity 124482K, committed 129820K, reserved 1161216K
  class space    used 15213K, capacity 16686K, committed 17612K, reserved 1048576K
}
Event: 8315.881 GC heap after
{Heap after GC invocations=40 (full 0):
 garbage-first heap   total 374784K, used 200975K [0x0000000700000000, 0x0000000800000000)
  region size 1024K, 7 young (7168K), 7 survivors (7168K)
 Metaspace       used 120374K, capacity 124482K, committed 129820K, reserved 1161216K
  class space    used 15213K, capacity 16686K, committed 17612K, reserved 1048576K
}

